<?xml version="1.0" encoding="UTF-8"?>
<!-- Generated by org.testng.reporters.JUnitXMLReporter -->
<testsuite ignored="0" hostname="DESKTOP-9FO86RH" failures="0" tests="7" name="MyTest" time="28.098" errors="0" timestamp="2024-09-14T17:04:52 IST">
  <testcase classname="day42_TestNG.Webdriver_Test1_OrangeHRM" name="openapp" time="18.195"/>
  <testcase classname="day42_TestNG.Webdriver_Test1_OrangeHRM" name="testLogo" time="3.109"/>
  <testcase classname="day42_TestNG.Webdriver_Test1_OrangeHRM" name="testLogin" time="1.748"/>
  <testcase classname="day42_TestNG.Webdriver_Test1_OrangeHRM" name="closeApp" time="4.889"/>
  <testcase classname="day42_TestNG.TestNG_Class_1" name="openapp" time="0.002"/>
  <testcase classname="day42_TestNG.TestNG_Class_1" name="login" time="0.002"/>
  <testcase classname="day42_TestNG.TestNG_Class_1" name="logout" time="0.004"/>
</testsuite> <!-- MyTest -->
