<?xml version="1.0" encoding="UTF-8"?>
<!-- Generated by org.testng.reporters.JUnitXMLReporter -->
<testsuite ignored="0" hostname="DESKTOP-9FO86RH" failures="0" tests="3" name="Test1" time="0.126" errors="0" timestamp="2024-09-27T15:16:05 IST">
  <testcase classname="day43_TestNG1Annotations.pack.C1" name="abc" time="0.013"/>
  <testcase classname="day43_TestNG1Annotations.pack.C2" name="xyz" time="0.004"/>
  <testcase classname="day43_TestNG1Annotations.pack.C3" name="pqr" time="0.009"/>
</testsuite> <!-- Test1 -->
